<?xml version="1.0" encoding="UTF-8"?>
<!-- Generated by org.testng.reporters.JUnitReportReporter -->
<testsuite hostname="DESKTOP-05VIGLL" failures="0" tests="3" name="com.crm.qa.testcases.HomePageTest" time="71.090" errors="0" timestamp="2024-09-06T15:10:00 IST" skipped="0">
  <testcase classname="com.crm.qa.testcases.HomePageTest" name="verifyHomePageTitleTest" time="23.553"/>
  <testcase classname="com.crm.qa.testcases.HomePageTest" name="verifyUserName" time="22.219"/>
  <testcase classname="com.crm.qa.testcases.HomePageTest" name="verifyContactsLinkTest" time="25.318"/>
</testsuite> <!-- com.crm.qa.testcases.HomePageTest -->
