<?xml version="1.0" encoding="UTF-8"?>
<!-- Generated by org.testng.reporters.JUnitReportReporter -->
<testsuite hostname="DESKTOP-05VIGLL" failures="0" tests="3" name="com.crm.qa.testcases.ContactsPageTest" time="107.347" errors="0" timestamp="2024-09-05T21:52:55 IST" skipped="0">
  <testcase classname="com.crm.qa.testcases.ContactsPageTest" name="validateCreateNewContact" time="28.110"/>
  <testcase classname="com.crm.qa.testcases.ContactsPageTest" name="validateCreateNewContact" time="39.469"/>
  <testcase classname="com.crm.qa.testcases.ContactsPageTest" name="validateCreateNewContact" time="39.768"/>
</testsuite> <!-- com.crm.qa.testcases.ContactsPageTest -->
