<?xml version="1.0" encoding="UTF-8"?>
<!-- Generated by org.testng.reporters.JUnitReportReporter -->
<testsuite hostname="DESKTOP-05VIGLL" failures="0" tests="3" name="com.crm.qa.testcases.LoginPageTest" time="52.643" errors="0" timestamp="2024-09-06T15:10:00 IST" skipped="0">
  <testcase classname="com.crm.qa.testcases.LoginPageTest" name="logInPageTitleTest" time="18.816"/>
  <testcase classname="com.crm.qa.testcases.LoginPageTest" name="crmLogoImageTest" time="10.035"/>
  <testcase classname="com.crm.qa.testcases.LoginPageTest" name="loginTest" time="23.792"/>
</testsuite> <!-- com.crm.qa.testcases.LoginPageTest -->
