<?xml version="1.0" encoding="UTF-8"?>
<!-- Generated by org.testng.reporters.JUnitReportReporter -->
<testsuite hostname="DESKTOP-05VIGLL" failures="0" tests="3" name="com.crm.qa.testcases.HomePageTest" time="72.324" errors="0" timestamp="2024-09-06T19:29:35 IST" skipped="0">
  <testcase classname="com.crm.qa.testcases.HomePageTest" name="verifyHomePageTitleTest" time="22.012"/>
  <testcase classname="com.crm.qa.testcases.HomePageTest" name="verifyUserName" time="25.261"/>
  <testcase classname="com.crm.qa.testcases.HomePageTest" name="verifyContactsLinkTest" time="25.051"/>
</testsuite> <!-- com.crm.qa.testcases.HomePageTest -->
