<?xml version="1.0" encoding="UTF-8"?>
<!-- Generated by org.testng.reporters.JUnitReportReporter -->
<testsuite hostname="DESKTOP-05VIGLL" failures="0" tests="3" name="com.crm.qa.testcases.LoginPageTest" time="44.393" errors="0" timestamp="2024-09-06T19:29:35 IST" skipped="0">
  <testcase classname="com.crm.qa.testcases.LoginPageTest" name="logInPageTitleTest" time="10.064"/>
  <testcase classname="com.crm.qa.testcases.LoginPageTest" name="crmLogoImageTest" time="11.641"/>
  <testcase classname="com.crm.qa.testcases.LoginPageTest" name="loginTest" time="22.688"/>
</testsuite> <!-- com.crm.qa.testcases.LoginPageTest -->
